# JRE version: OpenJDK Runtime Environment Temurin-21.0.3+9 (21.0.3+9) (build 21.0.3+9-LTS)
# Java VM: OpenJDK 64-Bit Server VM Temurin-21.0.3+9 (21.0.3+9-LTS, mixed mode, emulated-client, tiered, compressed oops, compressed class ptrs, g1 gc, windows-amd64)
GC Precious Log:
 CardTable entry size: 512
 Card Set container configuration: InlinePtr #cards 4 size 8 Array Of Cards #cards 16 size 48 Howl #buckets 8 coarsen threshold 3686 Howl Bitmap #cards 512 size 80 coarsen threshold 460 Card regions per heap region 1 cards per card region 4096
 CPUs: 4 total, 4 available
 Memory: 11982M
 Large Page Support: Disabled
 NUMA Support: Disabled
 Compressed Oops: Enabled (Zero based)
 Heap Region Size: 2M
 Heap Min Capacity: 8M
 Heap Initial Capacity: 188M
 Heap Max Capacity: 2996M
 Pre-touch: Disabled
 Parallel Workers: 4
 Concurrent Workers: 1
 Concurrent Refinement Workers: 4
 Periodic GC: Disabled
Heap:
 garbage-first heap   total 110592K, used 46786K [0x0000000744c00000, 0x0000000800000000)
  region size 2048K, 6 young (12288K), 2 survivors (4096K)
 Metaspace       used 93441K, committed 94208K, reserved 1179648K
  class space    used 12625K, committed 13056K, reserved 1048576K
GC Heap History (20 events):
Event: 24922.159 GC heap before
{Heap before GC invocations=30 (full 1):
 garbage-first heap   total 122880K, used 106426K [0x0000000744c00000, 0x0000000800000000)
  region size 2048K, 34 young (69632K), 2 survivors (4096K)
 Metaspace       used 92831K, committed 93760K, reserved 1179648K
  class space    used 12631K, committed 13056K, reserved 1048576K
}
Event: 24922.170 GC heap after
{Heap after GC invocations=31 (full 1):
 garbage-first heap   total 122880K, used 40885K [0x0000000744c00000, 0x0000000800000000)
  region size 2048K, 2 young (4096K), 2 survivors (4096K)
 Metaspace       used 92831K, committed 93760K, reserved 1179648K
  class space    used 12631K, committed 13056K, reserved 1048576K
}
Event: 35383.354 GC heap before
{Heap before GC invocations=31 (full 1):
 garbage-first heap   total 122880K, used 69557K [0x0000000744c00000, 0x0000000800000000)
  region size 2048K, 17 young (34816K), 2 survivors (4096K)
 Metaspace       used 92846K, committed 93760K, reserved 1179648K
  class space    used 12634K, committed 13056K, reserved 1048576K
}
Event: 35383.435 GC heap after
{Heap after GC invocations=32 (full 2):
 garbage-first heap   total 110592K, used 30182K [0x0000000744c00000, 0x0000000800000000)
  region size 2048K, 0 young (0K), 0 survivors (0K)
 Metaspace       used 92288K, committed 93760K, reserved 1179648K
  class space    used 12494K, committed 13056K, reserved 1048576K
}
Event: 35387.129 GC heap before
{Heap before GC invocations=32 (full 2):
 garbage-first heap   total 110592K, used 93670K [0x0000000744c00000, 0x0000000800000000)
  region size 2048K, 32 young (65536K), 0 survivors (0K)
 Metaspace       used 92580K, committed 93760K, reserved 1179648K
  class space    used 12553K, committed 13056K, reserved 1048576K
}
Event: 35387.135 GC heap after
{Heap after GC invocations=33 (full 2):
 garbage-first heap   total 110592K, used 36584K [0x0000000744c00000, 0x0000000800000000)
  region size 2048K, 4 young (8192K), 4 survivors (8192K)
 Metaspace       used 92580K, committed 93760K, reserved 1179648K
  class space    used 12553K, committed 13056K, reserved 1048576K
}
Event: 35395.359 GC heap before
{Heap before GC invocations=33 (full 2):
 garbage-first heap   total 110592K, used 89832K [0x0000000744c00000, 0x0000000800000000)
  region size 2048K, 30 young (61440K), 4 survivors (8192K)
 Metaspace       used 93009K, committed 93888K, reserved 1179648K
  class space    used 12624K, committed 13056K, reserved 1048576K
}
Event: 35395.374 GC heap after
{Heap after GC invocations=34 (full 2):
 garbage-first heap   total 110592K, used 41254K [0x0000000744c00000, 0x0000000800000000)
  region size 2048K, 3 young (6144K), 3 survivors (6144K)
 Metaspace       used 93009K, committed 93888K, reserved 1179648K
  class space    used 12624K, committed 13056K, reserved 1048576K
}
Event: 35481.191 GC heap before
{Heap before GC invocations=34 (full 2):
 garbage-first heap   total 110592K, used 49446K [0x0000000744c00000, 0x0000000800000000)
  region size 2048K, 8 young (16384K), 3 survivors (6144K)
 Metaspace       used 93051K, committed 93888K, reserved 1179648K
  class space    used 12629K, committed 13056K, reserved 1048576K
}
Event: 35481.266 GC heap after
{Heap after GC invocations=35 (full 3):
 garbage-first heap   total 110592K, used 32500K [0x0000000744c00000, 0x0000000800000000)
  region size 2048K, 0 young (0K), 0 survivors (0K)
 Metaspace       used 92906K, committed 93888K, reserved 1179648K
  class space    used 12598K, committed 13056K, reserved 1048576K
}
Event: 35482.312 GC heap before
{Heap before GC invocations=35 (full 3):
 garbage-first heap   total 110592K, used 93940K [0x0000000744c00000, 0x0000000800000000)
  region size 2048K, 30 young (61440K), 0 survivors (0K)
 Metaspace       used 93063K, committed 93952K, reserved 1179648K
  class space    used 12622K, committed 13056K, reserved 1048576K
}
Event: 35482.318 GC heap after
{Heap after GC invocations=36 (full 3):
 garbage-first heap   total 110592K, used 37689K [0x0000000744c00000, 0x0000000800000000)
  region size 2048K, 3 young (6144K), 3 survivors (6144K)
 Metaspace       used 93063K, committed 93952K, reserved 1179648K
  class space    used 12622K, committed 13056K, reserved 1048576K
}
Event: 35548.745 GC heap before
{Heap before GC invocations=36 (full 3):
 garbage-first heap   total 110592K, used 92985K [0x0000000744c00000, 0x0000000800000000)
  region size 2048K, 30 young (61440K), 3 survivors (6144K)
 Metaspace       used 93260K, committed 94080K, reserved 1179648K
  class space    used 12636K, committed 13056K, reserved 1048576K
}
Event: 35548.764 GC heap after
{Heap after GC invocations=37 (full 3):
 garbage-first heap   total 110592K, used 40229K [0x0000000744c00000, 0x0000000800000000)
  region size 2048K, 2 young (4096K), 2 survivors (4096K)
 Metaspace       used 93260K, committed 94080K, reserved 1179648K
  class space    used 12636K, committed 13056K, reserved 1048576K
}
Event: 35595.756 GC heap before
{Heap before GC invocations=37 (full 3):
 garbage-first heap   total 110592K, used 42277K [0x0000000744c00000, 0x0000000800000000)
  region size 2048K, 4 young (8192K), 2 survivors (4096K)
 Metaspace       used 93288K, committed 94080K, reserved 1179648K
  class space    used 12637K, committed 13056K, reserved 1048576K
}
Event: 35595.891 GC heap after
{Heap after GC invocations=38 (full 4):
 garbage-first heap   total 110592K, used 32874K [0x0000000744c00000, 0x0000000800000000)
  region size 2048K, 0 young (0K), 0 survivors (0K)
 Metaspace       used 93067K, committed 94080K, reserved 1179648K
  class space    used 12582K, committed 13056K, reserved 1048576K
}
Event: 35599.372 GC heap before
{Heap before GC invocations=38 (full 4):
 garbage-first heap   total 110592K, used 94314K [0x0000000744c00000, 0x0000000800000000)
  region size 2048K, 30 young (61440K), 0 survivors (0K)
 Metaspace       used 93230K, committed 94144K, reserved 1179648K
  class space    used 12607K, committed 13056K, reserved 1048576K
}
Event: 35599.385 GC heap after
{Heap after GC invocations=39 (full 4):
 garbage-first heap   total 110592K, used 38121K [0x0000000744c00000, 0x0000000800000000)
  region size 2048K, 3 young (6144K), 3 survivors (6144K)
 Metaspace       used 93230K, committed 94144K, reserved 1179648K
  class space    used 12607K, committed 13056K, reserved 1048576K
}
Event: 35653.383 GC heap before
{Heap before GC invocations=39 (full 4):
 garbage-first heap   total 110592K, used 93417K [0x0000000744c00000, 0x0000000800000000)
  region size 2048K, 30 young (61440K), 3 survivors (6144K)
 Metaspace       used 93441K, committed 94208K, reserved 1179648K
  class space    used 12625K, committed 13056K, reserved 1048576K
}
Event: 35653.403 GC heap after
{Heap after GC invocations=40 (full 4):
 garbage-first heap   total 110592K, used 40642K [0x0000000744c00000, 0x0000000800000000)
  region size 2048K, 2 young (4096K), 2 survivors (4096K)
 Metaspace       used 93441K, committed 94208K, reserved 1179648K
  class space    used 12625K, committed 13056K, reserved 1048576K
}

