# JRE version: OpenJDK Runtime Environment Temurin-21.0.3+9 (21.0.3+9) (build 21.0.3+9-LTS)
# Java VM: OpenJDK 64-Bit Server VM Temurin-21.0.3+9 (21.0.3+9-LTS, mixed mode, emulated-client, tiered, compressed oops, compressed class ptrs, g1 gc, windows-amd64)
GC Precious Log:
 CardTable entry size: 512
 Card Set container configuration: InlinePtr #cards 4 size 8 Array Of Cards #cards 16 size 48 Howl #buckets 8 coarsen threshold 3686 Howl Bitmap #cards 512 size 80 coarsen threshold 460 Card regions per heap region 1 cards per card region 4096
 CPUs: 4 total, 4 available
 Memory: 11982M
 Large Page Support: Disabled
 NUMA Support: Disabled
 Compressed Oops: Enabled (Zero based)
 Heap Region Size: 2M
 Heap Min Capacity: 8M
 Heap Initial Capacity: 188M
 Heap Max Capacity: 2996M
 Pre-touch: Disabled
 Parallel Workers: 4
 Concurrent Workers: 1
 Concurrent Refinement Workers: 4
 Periodic GC: Disabled
Heap:
 garbage-first heap   total 116736K, used 96365K [0x0000000744c00000, 0x0000000800000000)
  region size 2048K, 32 young (65536K), 3 survivors (6144K)
 Metaspace       used 96405K, committed 97216K, reserved 1179648K
  class space    used 13019K, committed 13376K, reserved 1048576K
GC Heap History (20 events):
Event: 1440.115 GC heap before
{Heap before GC invocations=45 (full 8):
 garbage-first heap   total 116736K, used 95556K [0x0000000744c00000, 0x0000000800000000)
  region size 2048K, 32 young (65536K), 3 survivors (6144K)
 Metaspace       used 94478K, committed 95232K, reserved 1179648K
  class space    used 12796K, committed 13120K, reserved 1048576K
}
Event: 1440.171 GC heap after
{Heap after GC invocations=46 (full 9):
 garbage-first heap   total 116736K, used 33532K [0x0000000744c00000, 0x0000000800000000)
  region size 2048K, 0 young (0K), 0 survivors (0K)
 Metaspace       used 94455K, committed 95232K, reserved 1179648K
  class space    used 12795K, committed 13120K, reserved 1048576K
}
Event: 1440.666 GC heap before
{Heap before GC invocations=46 (full 9):
 garbage-first heap   total 116736K, used 99068K [0x0000000744c00000, 0x0000000800000000)
  region size 2048K, 32 young (65536K), 0 survivors (0K)
 Metaspace       used 94731K, committed 95488K, reserved 1179648K
  class space    used 12823K, committed 13184K, reserved 1048576K
}
Event: 1440.670 GC heap after
{Heap after GC invocations=47 (full 9):
 garbage-first heap   total 116736K, used 38871K [0x0000000744c00000, 0x0000000800000000)
  region size 2048K, 3 young (6144K), 3 survivors (6144K)
 Metaspace       used 94731K, committed 95488K, reserved 1179648K
  class space    used 12823K, committed 13184K, reserved 1048576K
}
Event: 1478.352 GC heap before
{Heap before GC invocations=47 (full 9):
 garbage-first heap   total 116736K, used 98263K [0x0000000744c00000, 0x0000000800000000)
  region size 2048K, 32 young (65536K), 3 survivors (6144K)
 Metaspace       used 95188K, committed 96000K, reserved 1179648K
  class space    used 12902K, committed 13312K, reserved 1048576K
}
Event: 1478.358 GC heap after
{Heap after GC invocations=48 (full 9):
 garbage-first heap   total 116736K, used 42211K [0x0000000744c00000, 0x0000000800000000)
  region size 2048K, 3 young (6144K), 3 survivors (6144K)
 Metaspace       used 95188K, committed 96000K, reserved 1179648K
  class space    used 12902K, committed 13312K, reserved 1048576K
}
Event: 1478.859 GC heap before
{Heap before GC invocations=48 (full 9):
 garbage-first heap   total 116736K, used 95459K [0x0000000744c00000, 0x0000000800000000)
  region size 2048K, 30 young (61440K), 3 survivors (6144K)
 Metaspace       used 95428K, committed 96256K, reserved 1179648K
  class space    used 12922K, committed 13312K, reserved 1048576K
}
Event: 1478.866 GC heap after
{Heap after GC invocations=49 (full 9):
 garbage-first heap   total 116736K, used 46258K [0x0000000744c00000, 0x0000000800000000)
  region size 2048K, 3 young (6144K), 3 survivors (6144K)
 Metaspace       used 95428K, committed 96256K, reserved 1179648K
  class space    used 12922K, committed 13312K, reserved 1048576K
}
Event: 1678.414 GC heap before
{Heap before GC invocations=49 (full 9):
 garbage-first heap   total 116736K, used 76978K [0x0000000744c00000, 0x0000000800000000)
  region size 2048K, 19 young (38912K), 3 survivors (6144K)
 Metaspace       used 95496K, committed 96320K, reserved 1179648K
  class space    used 12931K, committed 13312K, reserved 1048576K
}
Event: 1678.485 GC heap after
{Heap after GC invocations=50 (full 10):
 garbage-first heap   total 116736K, used 33833K [0x0000000744c00000, 0x0000000800000000)
  region size 2048K, 0 young (0K), 0 survivors (0K)
 Metaspace       used 95450K, committed 96320K, reserved 1179648K
  class space    used 12927K, committed 13312K, reserved 1048576K
}
Event: 1679.156 GC heap before
{Heap before GC invocations=50 (full 10):
 garbage-first heap   total 116736K, used 99369K [0x0000000744c00000, 0x0000000800000000)
  region size 2048K, 32 young (65536K), 0 survivors (0K)
 Metaspace       used 95689K, committed 96512K, reserved 1179648K
  class space    used 12952K, committed 13312K, reserved 1048576K
}
Event: 1679.161 GC heap after
{Heap after GC invocations=51 (full 10):
 garbage-first heap   total 116736K, used 39183K [0x0000000744c00000, 0x0000000800000000)
  region size 2048K, 3 young (6144K), 3 survivors (6144K)
 Metaspace       used 95689K, committed 96512K, reserved 1179648K
  class space    used 12952K, committed 13312K, reserved 1048576K
}
Event: 1711.499 GC heap before
{Heap before GC invocations=51 (full 10):
 garbage-first heap   total 116736K, used 86287K [0x0000000744c00000, 0x0000000800000000)
  region size 2048K, 27 young (55296K), 3 survivors (6144K)
 Metaspace       used 95791K, committed 96576K, reserved 1179648K
  class space    used 12962K, committed 13312K, reserved 1048576K
}
Event: 1711.558 GC heap after
{Heap after GC invocations=52 (full 11):
 garbage-first heap   total 116736K, used 33369K [0x0000000744c00000, 0x0000000800000000)
  region size 2048K, 0 young (0K), 0 survivors (0K)
 Metaspace       used 95714K, committed 96576K, reserved 1179648K
  class space    used 12945K, committed 13312K, reserved 1048576K
}
Event: 1712.218 GC heap before
{Heap before GC invocations=52 (full 11):
 garbage-first heap   total 116736K, used 96857K [0x0000000744c00000, 0x0000000800000000)
  region size 2048K, 32 young (65536K), 0 survivors (0K)
 Metaspace       used 95972K, committed 96768K, reserved 1179648K
  class space    used 12975K, committed 13312K, reserved 1048576K
}
Event: 1712.222 GC heap after
{Heap after GC invocations=53 (full 11):
 garbage-first heap   total 116736K, used 38648K [0x0000000744c00000, 0x0000000800000000)
  region size 2048K, 3 young (6144K), 3 survivors (6144K)
 Metaspace       used 95972K, committed 96768K, reserved 1179648K
  class space    used 12975K, committed 13312K, reserved 1048576K
}
Event: 1724.176 GC heap before
{Heap before GC invocations=53 (full 11):
 garbage-first heap   total 116736K, used 83704K [0x0000000744c00000, 0x0000000800000000)
  region size 2048K, 26 young (53248K), 3 survivors (6144K)
 Metaspace       used 96072K, committed 96896K, reserved 1179648K
  class space    used 12984K, committed 13376K, reserved 1048576K
}
Event: 1724.236 GC heap after
{Heap after GC invocations=54 (full 12):
 garbage-first heap   total 116736K, used 33692K [0x0000000744c00000, 0x0000000800000000)
  region size 2048K, 0 young (0K), 0 survivors (0K)
 Metaspace       used 96049K, committed 96896K, reserved 1179648K
  class space    used 12982K, committed 13376K, reserved 1048576K
}
Event: 1724.724 GC heap before
{Heap before GC invocations=54 (full 12):
 garbage-first heap   total 116736K, used 97180K [0x0000000744c00000, 0x0000000800000000)
  region size 2048K, 32 young (65536K), 0 survivors (0K)
 Metaspace       used 96290K, committed 97088K, reserved 1179648K
  class space    used 13008K, committed 13376K, reserved 1048576K
}
Event: 1724.729 GC heap after
{Heap after GC invocations=55 (full 12):
 garbage-first heap   total 116736K, used 39021K [0x0000000744c00000, 0x0000000800000000)
  region size 2048K, 3 young (6144K), 3 survivors (6144K)
 Metaspace       used 96290K, committed 97088K, reserved 1179648K
  class space    used 13008K, committed 13376K, reserved 1048576K
}

