# JRE version: OpenJDK Runtime Environment Temurin-21.0.3+9 (21.0.3+9) (build 21.0.3+9-LTS)
# Java VM: OpenJDK 64-Bit Server VM Temurin-21.0.3+9 (21.0.3+9-LTS, mixed mode, emulated-client, tiered, compressed oops, compressed class ptrs, g1 gc, windows-amd64)
GC Precious Log:
 CardTable entry size: 512
 Card Set container configuration: InlinePtr #cards 4 size 8 Array Of Cards #cards 16 size 48 Howl #buckets 8 coarsen threshold 3686 Howl Bitmap #cards 512 size 80 coarsen threshold 460 Card regions per heap region 1 cards per card region 4096
 CPUs: 4 total, 4 available
 Memory: 11982M
 Large Page Support: Disabled
 NUMA Support: Disabled
 Compressed Oops: Enabled (Zero based)
 Heap Region Size: 2M
 Heap Min Capacity: 8M
 Heap Initial Capacity: 188M
 Heap Max Capacity: 2996M
 Pre-touch: Disabled
 Parallel Workers: 4
 Concurrent Workers: 1
 Concurrent Refinement Workers: 4
 Periodic GC: Disabled
Heap:
 garbage-first heap   total 116736K, used 68216K [0x0000000744c00000, 0x0000000800000000)
  region size 2048K, 15 young (30720K), 2 survivors (4096K)
 Metaspace       used 100999K, committed 102144K, reserved 1179648K
  class space    used 13572K, committed 14144K, reserved 1048576K
GC Heap History (20 events):
Event: 2959.446 GC heap after
{Heap after GC invocations=78 (full 21):
 garbage-first heap   total 116736K, used 42313K [0x0000000744c00000, 0x0000000800000000)
  region size 2048K, 2 young (4096K), 2 survivors (4096K)
 Metaspace       used 100142K, committed 101120K, reserved 1179648K
  class space    used 13442K, committed 13952K, reserved 1048576K
}
Event: 3254.802 GC heap before
{Heap before GC invocations=78 (full 21):
 garbage-first heap   total 116736K, used 68937K [0x0000000744c00000, 0x0000000800000000)
  region size 2048K, 16 young (32768K), 2 survivors (4096K)
 Metaspace       used 100146K, committed 101120K, reserved 1179648K
  class space    used 13443K, committed 13952K, reserved 1048576K
}
Event: 3254.873 GC heap after
{Heap after GC invocations=79 (full 22):
 garbage-first heap   total 116736K, used 31913K [0x0000000744c00000, 0x0000000800000000)
  region size 2048K, 0 young (0K), 0 survivors (0K)
 Metaspace       used 100064K, committed 101120K, reserved 1179648K
  class space    used 13428K, committed 13952K, reserved 1048576K
}
Event: 3255.560 GC heap before
{Heap before GC invocations=79 (full 22):
 garbage-first heap   total 116736K, used 97449K [0x0000000744c00000, 0x0000000800000000)
  region size 2048K, 33 young (67584K), 0 survivors (0K)
 Metaspace       used 100424K, committed 101440K, reserved 1179648K
  class space    used 13492K, committed 14016K, reserved 1048576K
}
Event: 3255.567 GC heap after
{Heap after GC invocations=80 (full 22):
 garbage-first heap   total 116736K, used 38729K [0x0000000744c00000, 0x0000000800000000)
  region size 2048K, 4 young (8192K), 4 survivors (8192K)
 Metaspace       used 100424K, committed 101440K, reserved 1179648K
  class space    used 13492K, committed 14016K, reserved 1048576K
}
Event: 3303.288 GC heap before
{Heap before GC invocations=80 (full 22):
 garbage-first heap   total 116736K, used 91977K [0x0000000744c00000, 0x0000000800000000)
  region size 2048K, 31 young (63488K), 4 survivors (8192K)
 Metaspace       used 100753K, committed 101888K, reserved 1179648K
  class space    used 13553K, committed 14144K, reserved 1048576K
}
Event: 3303.358 GC heap after
{Heap after GC invocations=81 (full 23):
 garbage-first heap   total 116736K, used 34559K [0x0000000744c00000, 0x0000000800000000)
  region size 2048K, 0 young (0K), 0 survivors (0K)
 Metaspace       used 100307K, committed 101760K, reserved 1179648K
  class space    used 13493K, committed 14144K, reserved 1048576K
}
Event: 3304.692 GC heap before
{Heap before GC invocations=81 (full 23):
 garbage-first heap   total 116736K, used 100095K [0x0000000744c00000, 0x0000000800000000)
  region size 2048K, 32 young (65536K), 0 survivors (0K)
 Metaspace       used 100575K, committed 101824K, reserved 1179648K
  class space    used 13520K, committed 14144K, reserved 1048576K
}
Event: 3304.699 GC heap after
{Heap after GC invocations=82 (full 23):
 garbage-first heap   total 116736K, used 40268K [0x0000000744c00000, 0x0000000800000000)
  region size 2048K, 3 young (6144K), 3 survivors (6144K)
 Metaspace       used 100575K, committed 101824K, reserved 1179648K
  class space    used 13520K, committed 14144K, reserved 1048576K
}
Event: 3320.475 GC heap before
{Heap before GC invocations=82 (full 23):
 garbage-first heap   total 116736K, used 85324K [0x0000000744c00000, 0x0000000800000000)
  region size 2048K, 26 young (53248K), 3 survivors (6144K)
 Metaspace       used 100636K, committed 101888K, reserved 1179648K
  class space    used 13525K, committed 14144K, reserved 1048576K
}
Event: 3320.542 GC heap after
{Heap after GC invocations=83 (full 24):
 garbage-first heap   total 116736K, used 35129K [0x0000000744c00000, 0x0000000800000000)
  region size 2048K, 0 young (0K), 0 survivors (0K)
 Metaspace       used 100614K, committed 101888K, reserved 1179648K
  class space    used 13523K, committed 14144K, reserved 1048576K
}
Event: 3321.083 GC heap before
{Heap before GC invocations=83 (full 24):
 garbage-first heap   total 116736K, used 98617K [0x0000000744c00000, 0x0000000800000000)
  region size 2048K, 32 young (65536K), 0 survivors (0K)
 Metaspace       used 100892K, committed 102016K, reserved 1179648K
  class space    used 13558K, committed 14144K, reserved 1048576K
}
Event: 3321.088 GC heap after
{Heap after GC invocations=84 (full 24):
 garbage-first heap   total 116736K, used 40467K [0x0000000744c00000, 0x0000000800000000)
  region size 2048K, 3 young (6144K), 3 survivors (6144K)
 Metaspace       used 100892K, committed 102016K, reserved 1179648K
  class space    used 13558K, committed 14144K, reserved 1048576K
}
Event: 3424.383 GC heap before
{Heap before GC invocations=84 (full 24):
 garbage-first heap   total 116736K, used 93715K [0x0000000744c00000, 0x0000000800000000)
  region size 2048K, 30 young (61440K), 3 survivors (6144K)
 Metaspace       used 100959K, committed 102080K, reserved 1179648K
  class space    used 13565K, committed 14144K, reserved 1048576K
}
Event: 3424.450 GC heap after
{Heap after GC invocations=85 (full 25):
 garbage-first heap   total 116736K, used 35801K [0x0000000744c00000, 0x0000000800000000)
  region size 2048K, 0 young (0K), 0 survivors (0K)
 Metaspace       used 100637K, committed 101888K, reserved 1179648K
  class space    used 13534K, committed 14144K, reserved 1048576K
}
Event: 3425.181 GC heap before
{Heap before GC invocations=85 (full 25):
 garbage-first heap   total 116736K, used 97241K [0x0000000744c00000, 0x0000000800000000)
  region size 2048K, 31 young (63488K), 0 survivors (0K)
 Metaspace       used 100866K, committed 102016K, reserved 1179648K
  class space    used 13559K, committed 14144K, reserved 1048576K
}
Event: 3425.185 GC heap after
{Heap after GC invocations=86 (full 25):
 garbage-first heap   total 116736K, used 40876K [0x0000000744c00000, 0x0000000800000000)
  region size 2048K, 3 young (6144K), 3 survivors (6144K)
 Metaspace       used 100866K, committed 102016K, reserved 1179648K
  class space    used 13559K, committed 14144K, reserved 1048576K
}
Event: 3506.150 GC heap before
{Heap before GC invocations=86 (full 25):
 garbage-first heap   total 116736K, used 98220K [0x0000000744c00000, 0x0000000800000000)
  region size 2048K, 31 young (63488K), 3 survivors (6144K)
 Metaspace       used 100993K, committed 102144K, reserved 1179648K
  class space    used 13571K, committed 14144K, reserved 1048576K
}
Event: 3506.165 GC heap after
{Heap after GC invocations=87 (full 25):
 garbage-first heap   total 116736K, used 43404K [0x0000000744c00000, 0x0000000800000000)
  region size 2048K, 2 young (4096K), 2 survivors (4096K)
 Metaspace       used 100993K, committed 102144K, reserved 1179648K
  class space    used 13571K, committed 14144K, reserved 1048576K
}
Event: 3751.402 GC heap before
{Heap before GC invocations=87 (full 25):
 garbage-first heap   total 116736K, used 67980K [0x0000000744c00000, 0x0000000800000000)
  region size 2048K, 15 young (30720K), 2 survivors (4096K)
 Metaspace       used 100999K, committed 102144K, reserved 1179648K
  class space    used 13572K, committed 14144K, reserved 1048576K
}

